OK 01_whale_50: issued=1000000000 top1_issued=0.5000
OK 02_whale_80: issued=1000000000 top1_issued=0.8000
OK 03_whale_99: issued=1000000000 top1_issued=0.9900
OK 04_exchange_omnibus_vs_small_donors: issued=1000000000 top1_issued=0.5000
OK 05_sybil_split_concave: issued=999999999 top1_issued=0.2439
OK 06_sybil_split_control_pro_rata: issued=1000000000 top1_issued=0.5000
OK 07_rebate_sweep: issued=1000000000 top1_issued=0.5000
OK 08_secret_rebate_whale: issued=1000000000 top1_issued=0.8000
OK 09_denominator_doubles_final_block: issued=1000000000 top1_issued=0.5000
OK 10_stolen_key_donation: issued=1000000000 top1_issued=0.5000
OK 11_quantum_cutoff_freeze: issued=1000000000 top1_issued=0.7500
OK 12_token_value_assumptions: issued=1000000000 top1_issued=0.5000
OK 13_governance_proportional: issued=1000000000 top1_issued=0.6000
OK 14_governance_capped: issued=1000000000 top1_issued=0.6000
OK 15_lockup_0_months: issued=1000000000 top1_issued=0.5000
OK 16_lockup_3_months: issued=1000000000 top1_issued=0.5000
OK 17_lockup_12_months: issued=1000000000 top1_issued=0.5000
OK 18_charity_set_single_vs_multi: issued=1000000000 top1_issued=0.5000
OK 19_undersubscribed_pool: issued=1000000000 top1_issued=1.0000
OK 20_oversubscribed_pool: issued=1000000000 top1_issued=0.5000
OK 21_no_token_baseline: issued=0 top1_issued=0.0000
OK 22_capped_pro_rata_whale: issued=1000000000 top1_issued=0.5000
OK 23_time_weighted_late_donor: issued=1000000000 top1_issued=0.7500
OK 24_random_lottery_component: issued=999999999 top1_issued=0.3333
OK 25_concave_log_whale: issued=999999997 top1_issued=0.4130
OK 26_sybil_split_capped_pro_rata: issued=999999990 top1_issued=0.0909
OK 27_laundering_opportunity_grid: issued=1000000000 top1_issued=0.9000
OK 28_rebate_low_access_genesis_set: issued=1000000000 top1_issued=0.5000
Wrote /tmp/bgen-grok-tech-clean-2674225/experiments/BENEFICIAL_GENESIS_ECON_BREAKER_001/results/SUMMARY.json and /tmp/bgen-grok-tech-clean-2674225/experiments/BENEFICIAL_GENESIS_ECON_BREAKER_001/results/TABLES.md
